{"D:\\PROJECT\\project3-structureFolder-test\\backend\\src\\controller\\userController.js": {"path":"D:\\PROJECT\\project3-structureFolder-test\\backend\\src\\controller\\userController.js","statementMap":{"0":{"start":{"line":5,"column":32},"end":{"line":12,"column":1}},"1":{"start":{"line":6,"column":2},"end":{"line":11,"column":3}},"2":{"start":{"line":7,"column":17},"end":{"line":7,"column":32}},"3":{"start":{"line":8,"column":4},"end":{"line":8,"column":31}},"4":{"start":{"line":10,"column":4},"end":{"line":10,"column":32}},"5":{"start":{"line":14,"column":31},"end":{"line":22,"column":1}},"6":{"start":{"line":15,"column":17},"end":{"line":15,"column":27}},"7":{"start":{"line":16,"column":2},"end":{"line":21,"column":3}},"8":{"start":{"line":17,"column":17},"end":{"line":17,"column":36}},"9":{"start":{"line":18,"column":4},"end":{"line":18,"column":31}},"10":{"start":{"line":20,"column":4},"end":{"line":20,"column":32}},"11":{"start":{"line":24,"column":36},"end":{"line":31,"column":1}},"12":{"start":{"line":25,"column":2},"end":{"line":30,"column":3}},"13":{"start":{"line":26,"column":4},"end":{"line":26,"column":31}},"14":{"start":{"line":27,"column":4},"end":{"line":27,"column":59}},"15":{"start":{"line":29,"column":4},"end":{"line":29,"column":32}},"16":{"start":{"line":33,"column":36},"end":{"line":40,"column":1}},"17":{"start":{"line":34,"column":2},"end":{"line":39,"column":3}},"18":{"start":{"line":35,"column":4},"end":{"line":35,"column":46}},"19":{"start":{"line":36,"column":4},"end":{"line":36,"column":59}},"20":{"start":{"line":38,"column":4},"end":{"line":38,"column":49}},"21":{"start":{"line":42,"column":36},"end":{"line":49,"column":1}},"22":{"start":{"line":43,"column":2},"end":{"line":48,"column":3}},"23":{"start":{"line":44,"column":4},"end":{"line":44,"column":36}},"24":{"start":{"line":45,"column":4},"end":{"line":45,"column":59}},"25":{"start":{"line":47,"column":4},"end":{"line":47,"column":49}}},"fnMap":{"0":{"name":"(anonymous_0)","decl":{"start":{"line":5,"column":32},"end":{"line":5,"column":33}},"loc":{"start":{"line":5,"column":52},"end":{"line":12,"column":1}},"line":5},"1":{"name":"(anonymous_1)","decl":{"start":{"line":14,"column":31},"end":{"line":14,"column":32}},"loc":{"start":{"line":14,"column":51},"end":{"line":22,"column":1}},"line":14},"2":{"name":"(anonymous_2)","decl":{"start":{"line":24,"column":36},"end":{"line":24,"column":37}},"loc":{"start":{"line":24,"column":56},"end":{"line":31,"column":1}},"line":24},"3":{"name":"(anonymous_3)","decl":{"start":{"line":33,"column":36},"end":{"line":33,"column":37}},"loc":{"start":{"line":33,"column":56},"end":{"line":40,"column":1}},"line":33},"4":{"name":"(anonymous_4)","decl":{"start":{"line":42,"column":36},"end":{"line":42,"column":37}},"loc":{"start":{"line":42,"column":56},"end":{"line":49,"column":1}},"line":42}},"branchMap":{},"s":{"0":1,"1":1,"2":1,"3":1,"4":0,"5":1,"6":2,"7":2,"8":2,"9":2,"10":0,"11":1,"12":1,"13":1,"14":0,"15":1,"16":1,"17":0,"18":0,"19":0,"20":0,"21":1,"22":2,"23":2,"24":0,"25":2},"f":{"0":1,"1":2,"2":1,"3":0,"4":2},"b":{},"_coverageSchema":"1a1c01bbd47fc00a2c39e90264f33305004495a9","hash":"7302627465eabb26d8b2e7be677569cf479ed98e"}
,"D:\\PROJECT\\project3-structureFolder-test\\backend\\src\\model\\userModel.js": {"path":"D:\\PROJECT\\project3-structureFolder-test\\backend\\src\\model\\userModel.js","statementMap":{"0":{"start":{"line":4,"column":20},"end":{"line":4,"column":29}},"1":{"start":{"line":6,"column":14},"end":{"line":47,"column":2}}},"fnMap":{},"branchMap":{},"s":{"0":1,"1":1},"f":{},"b":{},"_coverageSchema":"1a1c01bbd47fc00a2c39e90264f33305004495a9","hash":"4739bbc9f909668b540cf3e0c6fc3a114f7c9ff3"}
,"D:\\PROJECT\\project3-structureFolder-test\\backend\\src\\routes\\allRoute.js": {"path":"D:\\PROJECT\\project3-structureFolder-test\\backend\\src\\routes\\allRoute.js","statementMap":{"0":{"start":{"line":4,"column":15},"end":{"line":4,"column":31}},"1":{"start":{"line":7,"column":0},"end":{"line":7,"column":39}},"2":{"start":{"line":8,"column":0},"end":{"line":8,"column":42}},"3":{"start":{"line":9,"column":0},"end":{"line":9,"column":44}},"4":{"start":{"line":10,"column":0},"end":{"line":10,"column":49}},"5":{"start":{"line":11,"column":0},"end":{"line":11,"column":50}}},"fnMap":{},"branchMap":{},"s":{"0":1,"1":1,"2":1,"3":1,"4":1,"5":1},"f":{},"b":{},"_coverageSchema":"1a1c01bbd47fc00a2c39e90264f33305004495a9","hash":"19f9d03287fbb0159fb90c06674124629cf2c034"}
,"D:\\PROJECT\\project3-structureFolder-test\\backend\\src\\service\\userService.js": {"path":"D:\\PROJECT\\project3-structureFolder-test\\backend\\src\\service\\userService.js","statementMap":{"0":{"start":{"line":6,"column":23},"end":{"line":13,"column":1}},"1":{"start":{"line":7,"column":2},"end":{"line":12,"column":3}},"2":{"start":{"line":8,"column":17},"end":{"line":8,"column":38}},"3":{"start":{"line":9,"column":4},"end":{"line":9,"column":16}},"4":{"start":{"line":11,"column":4},"end":{"line":11,"column":27}},"5":{"start":{"line":15,"column":25},"end":{"line":26,"column":1}},"6":{"start":{"line":16,"column":2},"end":{"line":25,"column":3}},"7":{"start":{"line":17,"column":17},"end":{"line":21,"column":6}},"8":{"start":{"line":22,"column":4},"end":{"line":22,"column":16}},"9":{"start":{"line":24,"column":4},"end":{"line":24,"column":27}},"10":{"start":{"line":28,"column":26},"end":{"line":45,"column":1}},"11":{"start":{"line":29,"column":27},"end":{"line":29,"column":58}},"12":{"start":{"line":30,"column":2},"end":{"line":30,"column":55}},"13":{"start":{"line":30,"column":13},"end":{"line":30,"column":55}},"14":{"start":{"line":32,"column":56},"end":{"line":32,"column":61}},"15":{"start":{"line":33,"column":2},"end":{"line":33,"column":94}},"16":{"start":{"line":33,"column":33},"end":{"line":33,"column":94}},"17":{"start":{"line":34,"column":15},"end":{"line":34,"column":42}},"18":{"start":{"line":35,"column":2},"end":{"line":44,"column":3}},"19":{"start":{"line":36,"column":4},"end":{"line":41,"column":7}},"20":{"start":{"line":43,"column":4},"end":{"line":43,"column":27}},"21":{"start":{"line":47,"column":26},"end":{"line":85,"column":1}},"22":{"start":{"line":48,"column":15},"end":{"line":52,"column":4}},"23":{"start":{"line":53,"column":2},"end":{"line":53,"column":50}},"24":{"start":{"line":53,"column":13},"end":{"line":53,"column":50}},"25":{"start":{"line":56,"column":27},"end":{"line":56,"column":58}},"26":{"start":{"line":57,"column":2},"end":{"line":57,"column":55}},"27":{"start":{"line":57,"column":13},"end":{"line":57,"column":55}},"28":{"start":{"line":59,"column":56},"end":{"line":59,"column":61}},"29":{"start":{"line":61,"column":2},"end":{"line":65,"column":3}},"30":{"start":{"line":62,"column":4},"end":{"line":62,"column":33}},"31":{"start":{"line":64,"column":4},"end":{"line":64,"column":47}},"32":{"start":{"line":66,"column":2},"end":{"line":66,"column":86}},"33":{"start":{"line":66,"column":33},"end":{"line":66,"column":86}},"34":{"start":{"line":68,"column":2},"end":{"line":84,"column":3}},"35":{"start":{"line":69,"column":4},"end":{"line":81,"column":6}},"36":{"start":{"line":83,"column":4},"end":{"line":83,"column":35}},"37":{"start":{"line":87,"column":26},"end":{"line":99,"column":1}},"38":{"start":{"line":88,"column":15},"end":{"line":92,"column":4}},"39":{"start":{"line":93,"column":2},"end":{"line":93,"column":50}},"40":{"start":{"line":93,"column":13},"end":{"line":93,"column":50}},"41":{"start":{"line":94,"column":2},"end":{"line":98,"column":3}},"42":{"start":{"line":95,"column":4},"end":{"line":95,"column":59}},"43":{"start":{"line":97,"column":4},"end":{"line":97,"column":49}}},"fnMap":{"0":{"name":"(anonymous_0)","decl":{"start":{"line":6,"column":23},"end":{"line":6,"column":24}},"loc":{"start":{"line":6,"column":35},"end":{"line":13,"column":1}},"line":6},"1":{"name":"(anonymous_1)","decl":{"start":{"line":15,"column":25},"end":{"line":15,"column":26}},"loc":{"start":{"line":15,"column":39},"end":{"line":26,"column":1}},"line":15},"2":{"name":"(anonymous_2)","decl":{"start":{"line":28,"column":26},"end":{"line":28,"column":27}},"loc":{"start":{"line":28,"column":42},"end":{"line":45,"column":1}},"line":28},"3":{"name":"(anonymous_3)","decl":{"start":{"line":47,"column":26},"end":{"line":47,"column":27}},"loc":{"start":{"line":47,"column":50},"end":{"line":85,"column":1}},"line":47},"4":{"name":"(anonymous_4)","decl":{"start":{"line":87,"column":26},"end":{"line":87,"column":27}},"loc":{"start":{"line":87,"column":44},"end":{"line":99,"column":1}},"line":87}},"branchMap":{"0":{"loc":{"start":{"line":30,"column":2},"end":{"line":30,"column":55}},"type":"if","locations":[{"start":{"line":30,"column":2},"end":{"line":30,"column":55}},{"start":{},"end":{}}],"line":30},"1":{"loc":{"start":{"line":33,"column":2},"end":{"line":33,"column":94}},"type":"if","locations":[{"start":{"line":33,"column":2},"end":{"line":33,"column":94}},{"start":{},"end":{}}],"line":33},"2":{"loc":{"start":{"line":53,"column":2},"end":{"line":53,"column":50}},"type":"if","locations":[{"start":{"line":53,"column":2},"end":{"line":53,"column":50}},{"start":{},"end":{}}],"line":53},"3":{"loc":{"start":{"line":57,"column":2},"end":{"line":57,"column":55}},"type":"if","locations":[{"start":{"line":57,"column":2},"end":{"line":57,"column":55}},{"start":{},"end":{}}],"line":57},"4":{"loc":{"start":{"line":61,"column":2},"end":{"line":65,"column":3}},"type":"if","locations":[{"start":{"line":61,"column":2},"end":{"line":65,"column":3}},{"start":{"line":63,"column":9},"end":{"line":65,"column":3}}],"line":61},"5":{"loc":{"start":{"line":61,"column":6},"end":{"line":61,"column":42}},"type":"binary-expr","locations":[{"start":{"line":61,"column":6},"end":{"line":61,"column":21}},{"start":{"line":61,"column":25},"end":{"line":61,"column":42}}],"line":61},"6":{"loc":{"start":{"line":66,"column":2},"end":{"line":66,"column":86}},"type":"if","locations":[{"start":{"line":66,"column":2},"end":{"line":66,"column":86}},{"start":{},"end":{}}],"line":66},"7":{"loc":{"start":{"line":93,"column":2},"end":{"line":93,"column":50}},"type":"if","locations":[{"start":{"line":93,"column":2},"end":{"line":93,"column":50}},{"start":{},"end":{}}],"line":93}},"s":{"0":1,"1":1,"2":1,"3":1,"4":0,"5":1,"6":2,"7":2,"8":2,"9":0,"10":1,"11":1,"12":1,"13":1,"14":0,"15":0,"16":0,"17":0,"18":0,"19":0,"20":0,"21":1,"22":0,"23":0,"24":0,"25":0,"26":0,"27":0,"28":0,"29":0,"30":0,"31":0,"32":0,"33":0,"34":0,"35":0,"36":0,"37":1,"38":2,"39":2,"40":2,"41":0,"42":0,"43":0},"f":{"0":1,"1":2,"2":1,"3":0,"4":2},"b":{"0":[1,0],"1":[0,0],"2":[0,0],"3":[0,0],"4":[0,0],"5":[0,0],"6":[0,0],"7":[2,0]},"_coverageSchema":"1a1c01bbd47fc00a2c39e90264f33305004495a9","hash":"df1a76b2bb1125edec3cab17968ccfc0ec99807f"}
,"D:\\PROJECT\\project3-structureFolder-test\\backend\\src\\validation\\userValidation.js": {"path":"D:\\PROJECT\\project3-structureFolder-test\\backend\\src\\validation\\userValidation.js","statementMap":{"0":{"start":{"line":3,"column":29},"end":{"line":3,"column":61}},"1":{"start":{"line":5,"column":32},"end":{"line":13,"column":2}},"2":{"start":{"line":15,"column":32},"end":{"line":21,"column":2}}},"fnMap":{},"branchMap":{},"s":{"0":1,"1":1,"2":1},"f":{},"b":{},"_coverageSchema":"1a1c01bbd47fc00a2c39e90264f33305004495a9","hash":"cf695c12abf14e024c768ab5594ea011f4583ce0"}
,"D:\\PROJECT\\project3-structureFolder-test\\backend\\src\\validation\\validate.js": {"path":"D:\\PROJECT\\project3-structureFolder-test\\backend\\src\\validation\\validate.js","statementMap":{"0":{"start":{"line":1,"column":24},"end":{"line":8,"column":1}},"1":{"start":{"line":2,"column":27},"end":{"line":2,"column":51}},"2":{"start":{"line":3,"column":2},"end":{"line":7,"column":3}},"3":{"start":{"line":4,"column":4},"end":{"line":4,"column":66}},"4":{"start":{"line":6,"column":4},"end":{"line":6,"column":17}}},"fnMap":{"0":{"name":"(anonymous_0)","decl":{"start":{"line":1,"column":24},"end":{"line":1,"column":25}},"loc":{"start":{"line":1,"column":45},"end":{"line":8,"column":1}},"line":1}},"branchMap":{"0":{"loc":{"start":{"line":3,"column":2},"end":{"line":7,"column":3}},"type":"if","locations":[{"start":{"line":3,"column":2},"end":{"line":7,"column":3}},{"start":{"line":5,"column":9},"end":{"line":7,"column":3}}],"line":3}},"s":{"0":1,"1":0,"2":0,"3":0,"4":0},"f":{"0":0},"b":{"0":[0,0]},"_coverageSchema":"1a1c01bbd47fc00a2c39e90264f33305004495a9","hash":"15d79d1b6bef23121f830f39d21791394cdaa654"}
}
